2020-04-25 16:05:22 DEBUG AnnotationConfigApplicationContext:594 - Refreshing org.springframework.context.annotation.AnnotationConfigApplicationContext@4f8e5cde
2020-04-25 16:05:22 DEBUG DefaultListableBeanFactory:213 - Creating shared instance of singleton bean 'org.springframework.context.annotation.internalConfigurationAnnotationProcessor'
2020-04-25 16:05:23 DEBUG ClassPathBeanDefinitionScanner:437 - Identified candidate component class: file [E:\workspaceSpring\Lab1.3\target\classes\com\cg\SBU.class]
2020-04-25 16:05:23 DEBUG DefaultListableBeanFactory:213 - Creating shared instance of singleton bean 'org.springframework.context.event.internalEventListenerProcessor'
2020-04-25 16:05:23 DEBUG DefaultListableBeanFactory:213 - Creating shared instance of singleton bean 'org.springframework.context.event.internalEventListenerFactory'
2020-04-25 16:05:23 DEBUG DefaultListableBeanFactory:213 - Creating shared instance of singleton bean 'org.springframework.context.annotation.internalAutowiredAnnotationProcessor'
2020-04-25 16:05:23 DEBUG DefaultListableBeanFactory:213 - Creating shared instance of singleton bean 'org.springframework.context.annotation.internalCommonAnnotationProcessor'
2020-04-25 16:05:23 DEBUG DefaultListableBeanFactory:213 - Creating shared instance of singleton bean 'javaConfig'
2020-04-25 16:05:24 DEBUG DefaultListableBeanFactory:213 - Creating shared instance of singleton bean 'SBU'
2020-04-25 16:05:24 DEBUG AnnotationConfigApplicationContext:1002 - Closing org.springframework.context.annotation.AnnotationConfigApplicationContext@4f8e5cde, started on Sat Apr 25 16:05:22 IST 2020
2020-04-25 16:06:09 DEBUG AnnotationConfigApplicationContext:594 - Refreshing org.springframework.context.annotation.AnnotationConfigApplicationContext@759ebb3d
2020-04-25 16:06:09 DEBUG DefaultListableBeanFactory:213 - Creating shared instance of singleton bean 'org.springframework.context.annotation.internalConfigurationAnnotationProcessor'
2020-04-25 16:06:10 DEBUG ClassPathBeanDefinitionScanner:437 - Identified candidate component class: file [E:\workspaceSpring\Lab1.3\target\classes\com\cg\Employee.class]
2020-04-25 16:06:10 DEBUG ClassPathBeanDefinitionScanner:437 - Identified candidate component class: file [E:\workspaceSpring\Lab1.3\target\classes\com\cg\SBU.class]
2020-04-25 16:06:10 DEBUG DefaultListableBeanFactory:213 - Creating shared instance of singleton bean 'org.springframework.context.event.internalEventListenerProcessor'
2020-04-25 16:06:10 DEBUG DefaultListableBeanFactory:213 - Creating shared instance of singleton bean 'org.springframework.context.event.internalEventListenerFactory'
2020-04-25 16:06:10 DEBUG DefaultListableBeanFactory:213 - Creating shared instance of singleton bean 'org.springframework.context.annotation.internalAutowiredAnnotationProcessor'
2020-04-25 16:06:10 DEBUG DefaultListableBeanFactory:213 - Creating shared instance of singleton bean 'org.springframework.context.annotation.internalCommonAnnotationProcessor'
2020-04-25 16:06:10 DEBUG DefaultListableBeanFactory:213 - Creating shared instance of singleton bean 'javaConfig'
2020-04-25 16:06:10 DEBUG DefaultListableBeanFactory:213 - Creating shared instance of singleton bean 'employee'
2020-04-25 16:06:10 DEBUG PropertySourcesPropertyResolver:115 - Found key 'employeeId' in PropertySource 'class path resource [empdetails]' with value of type String
2020-04-25 16:06:10 DEBUG PropertySourcesPropertyResolver:115 - Found key 'employeeName' in PropertySource 'class path resource [empdetails]' with value of type String
2020-04-25 16:06:10 DEBUG PropertySourcesPropertyResolver:115 - Found key 'salary' in PropertySource 'class path resource [empdetails]' with value of type String
2020-04-25 16:06:10 DEBUG DefaultListableBeanFactory:213 - Creating shared instance of singleton bean 'SBU'
2020-04-25 16:06:27 DEBUG AnnotationConfigApplicationContext:1002 - Closing org.springframework.context.annotation.AnnotationConfigApplicationContext@759ebb3d, started on Sat Apr 25 16:06:09 IST 2020
2020-04-28 09:53:57 DEBUG AnnotationConfigApplicationContext:594 - Refreshing org.springframework.context.annotation.AnnotationConfigApplicationContext@4f8e5cde
2020-04-28 09:53:58 DEBUG DefaultListableBeanFactory:213 - Creating shared instance of singleton bean 'org.springframework.context.annotation.internalConfigurationAnnotationProcessor'
2020-04-28 09:53:58 DEBUG ClassPathBeanDefinitionScanner:437 - Identified candidate component class: file [E:\workspaceSpring\Lab1.3\target\classes\com\cg\Employee.class]
2020-04-28 09:53:58 DEBUG ClassPathBeanDefinitionScanner:437 - Identified candidate component class: file [E:\workspaceSpring\Lab1.3\target\classes\com\cg\SBU.class]
2020-04-28 09:53:59 DEBUG DefaultListableBeanFactory:213 - Creating shared instance of singleton bean 'org.springframework.context.event.internalEventListenerProcessor'
2020-04-28 09:53:59 DEBUG DefaultListableBeanFactory:213 - Creating shared instance of singleton bean 'org.springframework.context.event.internalEventListenerFactory'
2020-04-28 09:53:59 DEBUG DefaultListableBeanFactory:213 - Creating shared instance of singleton bean 'org.springframework.context.annotation.internalAutowiredAnnotationProcessor'
2020-04-28 09:53:59 DEBUG DefaultListableBeanFactory:213 - Creating shared instance of singleton bean 'org.springframework.context.annotation.internalCommonAnnotationProcessor'
2020-04-28 09:53:59 DEBUG DefaultListableBeanFactory:213 - Creating shared instance of singleton bean 'javaConfig'
2020-04-28 09:53:59 DEBUG DefaultListableBeanFactory:213 - Creating shared instance of singleton bean 'employee'
2020-04-28 09:53:59 DEBUG PropertySourcesPropertyResolver:115 - Found key 'employeeId' in PropertySource 'class path resource [empdetails]' with value of type String
2020-04-28 09:53:59 DEBUG PropertySourcesPropertyResolver:115 - Found key 'employeeName' in PropertySource 'class path resource [empdetails]' with value of type String
2020-04-28 09:53:59 DEBUG PropertySourcesPropertyResolver:115 - Found key 'salary' in PropertySource 'class path resource [empdetails]' with value of type String
2020-04-28 09:53:59 DEBUG PropertySourcesPropertyResolver:115 - Found key 'age' in PropertySource 'class path resource [empdetails]' with value of type String
2020-04-28 09:53:59 DEBUG DefaultListableBeanFactory:213 - Creating shared instance of singleton bean 'SBU'
2020-04-28 09:53:59 DEBUG PropertySourcesPropertyResolver:115 - Found key 'sbuId' in PropertySource 'class path resource [empdetails]' with value of type String
2020-04-28 09:53:59 DEBUG PropertySourcesPropertyResolver:115 - Found key 'sbuName' in PropertySource 'class path resource [empdetails]' with value of type String
2020-04-28 09:53:59 DEBUG PropertySourcesPropertyResolver:115 - Found key 'sbuHead' in PropertySource 'class path resource [empdetails]' with value of type String
2020-04-28 09:53:59 DEBUG AnnotationConfigApplicationContext:1002 - Closing org.springframework.context.annotation.AnnotationConfigApplicationContext@4f8e5cde, started on Tue Apr 28 09:53:57 IST 2020
2020-04-28 09:54:31 DEBUG AnnotationConfigApplicationContext:594 - Refreshing org.springframework.context.annotation.AnnotationConfigApplicationContext@759ebb3d
2020-04-28 09:54:31 DEBUG DefaultListableBeanFactory:213 - Creating shared instance of singleton bean 'org.springframework.context.annotation.internalConfigurationAnnotationProcessor'
2020-04-28 09:54:32 DEBUG ClassPathBeanDefinitionScanner:437 - Identified candidate component class: file [E:\workspaceSpring\Lab1.3\target\classes\com\cg\Employee.class]
2020-04-28 09:54:32 DEBUG ClassPathBeanDefinitionScanner:437 - Identified candidate component class: file [E:\workspaceSpring\Lab1.3\target\classes\com\cg\SBU.class]
2020-04-28 09:54:32 DEBUG DefaultListableBeanFactory:213 - Creating shared instance of singleton bean 'org.springframework.context.event.internalEventListenerProcessor'
2020-04-28 09:54:32 DEBUG DefaultListableBeanFactory:213 - Creating shared instance of singleton bean 'org.springframework.context.event.internalEventListenerFactory'
2020-04-28 09:54:32 DEBUG DefaultListableBeanFactory:213 - Creating shared instance of singleton bean 'org.springframework.context.annotation.internalAutowiredAnnotationProcessor'
2020-04-28 09:54:32 DEBUG DefaultListableBeanFactory:213 - Creating shared instance of singleton bean 'org.springframework.context.annotation.internalCommonAnnotationProcessor'
2020-04-28 09:54:32 DEBUG DefaultListableBeanFactory:213 - Creating shared instance of singleton bean 'javaConfig'
2020-04-28 09:54:32 DEBUG DefaultListableBeanFactory:213 - Creating shared instance of singleton bean 'employee'
2020-04-28 09:54:32 DEBUG PropertySourcesPropertyResolver:115 - Found key 'employeeId' in PropertySource 'class path resource [empdetails]' with value of type String
2020-04-28 09:54:32 DEBUG PropertySourcesPropertyResolver:115 - Found key 'employeeName' in PropertySource 'class path resource [empdetails]' with value of type String
2020-04-28 09:54:32 DEBUG PropertySourcesPropertyResolver:115 - Found key 'salary' in PropertySource 'class path resource [empdetails]' with value of type String
2020-04-28 09:54:32 DEBUG PropertySourcesPropertyResolver:115 - Found key 'age' in PropertySource 'class path resource [empdetails]' with value of type String
2020-04-28 09:54:32 DEBUG DefaultListableBeanFactory:213 - Creating shared instance of singleton bean 'SBU'
2020-04-28 09:54:32 DEBUG PropertySourcesPropertyResolver:115 - Found key 'sbuId' in PropertySource 'class path resource [empdetails]' with value of type String
2020-04-28 09:54:32 DEBUG PropertySourcesPropertyResolver:115 - Found key 'sbuName' in PropertySource 'class path resource [empdetails]' with value of type String
2020-04-28 09:54:32 DEBUG PropertySourcesPropertyResolver:115 - Found key 'sbuHead' in PropertySource 'class path resource [empdetails]' with value of type String
2020-04-28 09:54:32 DEBUG DefaultListableBeanFactory:213 - Creating shared instance of singleton bean 'sbu'
2020-04-28 09:54:32 DEBUG PropertySourcesPropertyResolver:115 - Found key 'sbuId' in PropertySource 'class path resource [empdetails]' with value of type String
2020-04-28 09:54:32 DEBUG PropertySourcesPropertyResolver:115 - Found key 'sbuName' in PropertySource 'class path resource [empdetails]' with value of type String
2020-04-28 09:54:32 DEBUG PropertySourcesPropertyResolver:115 - Found key 'sbuHead' in PropertySource 'class path resource [empdetails]' with value of type String
2020-04-28 09:54:32 DEBUG AnnotationConfigApplicationContext:1002 - Closing org.springframework.context.annotation.AnnotationConfigApplicationContext@759ebb3d, started on Tue Apr 28 09:54:31 IST 2020
2020-04-28 09:55:13 DEBUG AnnotationConfigApplicationContext:594 - Refreshing org.springframework.context.annotation.AnnotationConfigApplicationContext@4f8e5cde
2020-04-28 09:55:13 DEBUG DefaultListableBeanFactory:213 - Creating shared instance of singleton bean 'org.springframework.context.annotation.internalConfigurationAnnotationProcessor'
2020-04-28 09:55:13 DEBUG ClassPathBeanDefinitionScanner:437 - Identified candidate component class: file [E:\workspaceSpring\Lab1.3\target\classes\com\cg\Employee.class]
2020-04-28 09:55:13 DEBUG DefaultListableBeanFactory:213 - Creating shared instance of singleton bean 'org.springframework.context.event.internalEventListenerProcessor'
2020-04-28 09:55:13 DEBUG DefaultListableBeanFactory:213 - Creating shared instance of singleton bean 'org.springframework.context.event.internalEventListenerFactory'
2020-04-28 09:55:13 DEBUG DefaultListableBeanFactory:213 - Creating shared instance of singleton bean 'org.springframework.context.annotation.internalAutowiredAnnotationProcessor'
2020-04-28 09:55:13 DEBUG DefaultListableBeanFactory:213 - Creating shared instance of singleton bean 'org.springframework.context.annotation.internalCommonAnnotationProcessor'
2020-04-28 09:55:13 DEBUG DefaultListableBeanFactory:213 - Creating shared instance of singleton bean 'javaConfig'
2020-04-28 09:55:13 DEBUG DefaultListableBeanFactory:213 - Creating shared instance of singleton bean 'employee'
2020-04-28 09:55:14 DEBUG PropertySourcesPropertyResolver:115 - Found key 'employeeId' in PropertySource 'class path resource [empdetails]' with value of type String
2020-04-28 09:55:14 DEBUG PropertySourcesPropertyResolver:115 - Found key 'employeeName' in PropertySource 'class path resource [empdetails]' with value of type String
2020-04-28 09:55:14 DEBUG PropertySourcesPropertyResolver:115 - Found key 'salary' in PropertySource 'class path resource [empdetails]' with value of type String
2020-04-28 09:55:14 DEBUG PropertySourcesPropertyResolver:115 - Found key 'age' in PropertySource 'class path resource [empdetails]' with value of type String
2020-04-28 09:55:14 DEBUG DefaultListableBeanFactory:213 - Creating shared instance of singleton bean 'sbu'
2020-04-28 09:55:14 DEBUG PropertySourcesPropertyResolver:115 - Found key 'sbuId' in PropertySource 'class path resource [empdetails]' with value of type String
2020-04-28 09:55:14 DEBUG PropertySourcesPropertyResolver:115 - Found key 'sbuName' in PropertySource 'class path resource [empdetails]' with value of type String
2020-04-28 09:55:14 DEBUG PropertySourcesPropertyResolver:115 - Found key 'sbuHead' in PropertySource 'class path resource [empdetails]' with value of type String
2020-04-28 09:55:14 DEBUG AnnotationConfigApplicationContext:1002 - Closing org.springframework.context.annotation.AnnotationConfigApplicationContext@4f8e5cde, started on Tue Apr 28 09:55:13 IST 2020
2020-04-28 10:05:09 DEBUG AnnotationConfigApplicationContext:594 - Refreshing org.springframework.context.annotation.AnnotationConfigApplicationContext@759ebb3d
2020-04-28 10:05:09 DEBUG DefaultListableBeanFactory:213 - Creating shared instance of singleton bean 'org.springframework.context.annotation.internalConfigurationAnnotationProcessor'
2020-04-28 10:05:09 DEBUG ClassPathBeanDefinitionScanner:437 - Identified candidate component class: file [E:\workspaceSpring\Lab1.3\target\classes\com\cg\Employee.class]
2020-04-28 10:05:10 DEBUG DefaultListableBeanFactory:213 - Creating shared instance of singleton bean 'org.springframework.context.event.internalEventListenerProcessor'
2020-04-28 10:05:10 DEBUG DefaultListableBeanFactory:213 - Creating shared instance of singleton bean 'org.springframework.context.event.internalEventListenerFactory'
2020-04-28 10:05:10 DEBUG DefaultListableBeanFactory:213 - Creating shared instance of singleton bean 'org.springframework.context.annotation.internalAutowiredAnnotationProcessor'
2020-04-28 10:05:10 DEBUG DefaultListableBeanFactory:213 - Creating shared instance of singleton bean 'org.springframework.context.annotation.internalCommonAnnotationProcessor'
2020-04-28 10:05:10 DEBUG DefaultListableBeanFactory:213 - Creating shared instance of singleton bean 'javaConfig'
2020-04-28 10:05:10 DEBUG DefaultListableBeanFactory:213 - Creating shared instance of singleton bean 'employee'
2020-04-28 10:05:10 WARN  AnnotationConfigApplicationContext:557 - Exception encountered during context initialization - cancelling refresh attempt: org.springframework.beans.factory.UnsatisfiedDependencyException: Error creating bean with name 'employee' defined in file [E:\workspaceSpring\Lab1.3\target\classes\com\cg\Employee.class]: Unsatisfied dependency expressed through constructor parameter 0; nested exception is org.springframework.beans.factory.NoSuchBeanDefinitionException: No qualifying bean of type 'int' available: expected at least 1 bean which qualifies as autowire candidate. Dependency annotations: {}
2020-04-28 10:05:44 DEBUG AnnotationConfigApplicationContext:594 - Refreshing org.springframework.context.annotation.AnnotationConfigApplicationContext@759ebb3d
2020-04-28 10:05:44 DEBUG DefaultListableBeanFactory:213 - Creating shared instance of singleton bean 'org.springframework.context.annotation.internalConfigurationAnnotationProcessor'
2020-04-28 10:05:45 DEBUG DefaultListableBeanFactory:213 - Creating shared instance of singleton bean 'org.springframework.context.event.internalEventListenerProcessor'
2020-04-28 10:05:45 DEBUG DefaultListableBeanFactory:213 - Creating shared instance of singleton bean 'org.springframework.context.event.internalEventListenerFactory'
2020-04-28 10:05:45 DEBUG DefaultListableBeanFactory:213 - Creating shared instance of singleton bean 'org.springframework.context.annotation.internalAutowiredAnnotationProcessor'
2020-04-28 10:05:45 DEBUG DefaultListableBeanFactory:213 - Creating shared instance of singleton bean 'org.springframework.context.annotation.internalCommonAnnotationProcessor'
2020-04-28 10:05:45 DEBUG DefaultListableBeanFactory:213 - Creating shared instance of singleton bean 'javaConfig'
2020-04-28 10:05:45 DEBUG DefaultListableBeanFactory:213 - Creating shared instance of singleton bean 'sbu'
2020-04-28 10:05:45 DEBUG PropertySourcesPropertyResolver:115 - Found key 'sbuId' in PropertySource 'class path resource [empdetails]' with value of type String
2020-04-28 10:05:45 DEBUG PropertySourcesPropertyResolver:115 - Found key 'sbuName' in PropertySource 'class path resource [empdetails]' with value of type String
2020-04-28 10:05:45 DEBUG PropertySourcesPropertyResolver:115 - Found key 'sbuHead' in PropertySource 'class path resource [empdetails]' with value of type String
2020-04-28 10:05:45 DEBUG AnnotationConfigApplicationContext:1002 - Closing org.springframework.context.annotation.AnnotationConfigApplicationContext@759ebb3d, started on Tue Apr 28 10:05:44 IST 2020
